2025-07-23T09:58:20.892+05:30  WARN 2640 --- [loan-management-system] [HikariPool-1 housekeeper] com.zaxxer.hikari.pool.HikariPool        : HikariPool-1 - Thread starvation or clock leap detected (housekeeper delta=11h9m9s599ms227µs400ns).
2025-07-23T10:01:27.293+05:30  INFO 2640 --- [loan-management-system] [http-nio-8080-exec-6] o.a.c.c.C.[Tomcat].[localhost].[/]       : Initializing Spring DispatcherServlet 'dispatcherServlet'
2025-07-23T10:01:27.305+05:30  INFO 2640 --- [loan-management-system] [http-nio-8080-exec-6] o.s.web.servlet.DispatcherServlet        : Initializing Servlet 'dispatcherServlet'
2025-07-23T10:01:27.346+05:30 DEBUG 2640 --- [loan-management-system] [http-nio-8080-exec-6] o.s.web.servlet.DispatcherServlet        : Detected StandardServletMultipartResolver
2025-07-23T10:01:27.349+05:30 DEBUG 2640 --- [loan-management-system] [http-nio-8080-exec-6] o.s.web.servlet.DispatcherServlet        : Detected AcceptHeaderLocaleResolver
2025-07-23T10:01:27.349+05:30 DEBUG 2640 --- [loan-management-system] [http-nio-8080-exec-6] o.s.web.servlet.DispatcherServlet        : Detected FixedThemeResolver
2025-07-23T10:01:28.099+05:30 DEBUG 2640 --- [loan-management-system] [http-nio-8080-exec-6] o.s.web.servlet.DispatcherServlet        : Detected org.springframework.web.servlet.view.DefaultRequestToViewNameTranslator@9c66ab0
2025-07-23T10:01:28.105+05:30 DEBUG 2640 --- [loan-management-system] [http-nio-8080-exec-6] o.s.web.servlet.DispatcherServlet        : Detected org.springframework.web.servlet.support.SessionFlashMapManager@115cac44
2025-07-23T10:01:28.144+05:30 DEBUG 2640 --- [loan-management-system] [http-nio-8080-exec-6] o.s.web.servlet.DispatcherServlet        : enableLoggingRequestDetails='false': request parameters and headers will be masked to prevent unsafe logging of potentially sensitive data
2025-07-23T10:01:28.190+05:30  INFO 2640 --- [loan-management-system] [http-nio-8080-exec-6] o.s.web.servlet.DispatcherServlet        : Completed initialization in 877 ms
2025-07-23T10:01:28.693+05:30 DEBUG 2640 --- [loan-management-system] [http-nio-8080-exec-6] o.s.web.servlet.DispatcherServlet        : GET "/", parameters={}
2025-07-23T10:01:28.974+05:30 DEBUG 2640 --- [loan-management-system] [http-nio-8080-exec-6] s.w.s.m.m.a.RequestMappingHandlerMapping : Mapped to com.loanmanagement.loansystem.Controller.WebController#home()
2025-07-23T10:01:29.795+05:30 DEBUG 2640 --- [loan-management-system] [http-nio-8080-exec-6] o.s.w.s.v.ContentNegotiatingViewResolver : Selected 'text/html' given [text/html, application/xhtml+xml, image/avif, image/webp, image/apng, application/xml;q=0.9, */*;q=0.8, application/signed-exchange;v=b3;q=0.7]
2025-07-23T10:01:30.408+05:30 DEBUG 2640 --- [loan-management-system] [http-nio-8080-exec-6] o.s.web.servlet.DispatcherServlet        : Completed 200 OK
2025-07-23T10:01:33.165+05:30 DEBUG 2640 --- [loan-management-system] [http-nio-8080-exec-7] o.s.web.servlet.DispatcherServlet        : GET "/login", parameters={}
2025-07-23T10:01:33.166+05:30 DEBUG 2640 --- [loan-management-system] [http-nio-8080-exec-7] s.w.s.m.m.a.RequestMappingHandlerMapping : Mapped to com.loanmanagement.loansystem.Controller.WebController#showLoginForm()
2025-07-23T10:01:33.196+05:30 DEBUG 2640 --- [loan-management-system] [http-nio-8080-exec-7] o.s.w.s.v.ContentNegotiatingViewResolver : Selected 'text/html' given [text/html, application/xhtml+xml, image/avif, image/webp, image/apng, application/xml;q=0.9, */*;q=0.8, application/signed-exchange;v=b3;q=0.7]
2025-07-23T10:01:33.663+05:30 DEBUG 2640 --- [loan-management-system] [http-nio-8080-exec-7] o.s.web.servlet.DispatcherServlet        : Completed 200 OK
2025-07-23T10:01:44.458+05:30  WARN 2640 --- [loan-management-system] [http-nio-8080-exec-2] o.a.c.util.SessionIdGeneratorBase        : Creation of SecureRandom instance for session ID generation using [SHA1PRNG] took [101] milliseconds.
2025-07-23T10:01:44.510+05:30 DEBUG 2640 --- [loan-management-system] [http-nio-8080-exec-1] o.s.web.servlet.DispatcherServlet        : GET "/login?error", parameters={masked}
2025-07-23T10:01:44.512+05:30 DEBUG 2640 --- [loan-management-system] [http-nio-8080-exec-1] s.w.s.m.m.a.RequestMappingHandlerMapping : Mapped to com.loanmanagement.loansystem.Controller.WebController#showLoginForm()
2025-07-23T10:01:44.514+05:30 DEBUG 2640 --- [loan-management-system] [http-nio-8080-exec-1] o.s.w.s.v.ContentNegotiatingViewResolver : Selected 'text/html' given [text/html, application/xhtml+xml, image/avif, image/webp, image/apng, application/xml;q=0.9, */*;q=0.8, application/signed-exchange;v=b3;q=0.7]
2025-07-23T10:01:44.526+05:30 DEBUG 2640 --- [loan-management-system] [http-nio-8080-exec-1] o.s.web.servlet.DispatcherServlet        : Completed 200 OK
2025-07-23T10:01:55.205+05:30 DEBUG 2640 --- [loan-management-system] [http-nio-8080-exec-3] o.s.web.servlet.DispatcherServlet        : GET "/login?error", parameters={masked}
2025-07-23T10:01:55.207+05:30 DEBUG 2640 --- [loan-management-system] [http-nio-8080-exec-3] s.w.s.m.m.a.RequestMappingHandlerMapping : Mapped to com.loanmanagement.loansystem.Controller.WebController#showLoginForm()
2025-07-23T10:01:55.209+05:30 DEBUG 2640 --- [loan-management-system] [http-nio-8080-exec-3] o.s.w.s.v.ContentNegotiatingViewResolver : Selected 'text/html' given [text/html, application/xhtml+xml, image/avif, image/webp, image/apng, application/xml;q=0.9, */*;q=0.8, application/signed-exchange;v=b3;q=0.7]
2025-07-23T10:01:55.214+05:30 DEBUG 2640 --- [loan-management-system] [http-nio-8080-exec-3] o.s.web.servlet.DispatcherServlet        : Completed 200 OK
2025-07-23T10:33:33.952+05:30  INFO 2640 --- [loan-management-system] [SpringApplicationShutdownHook] o.s.b.w.e.tomcat.GracefulShutdown        : Commencing graceful shutdown. Waiting for active requests to complete
2025-07-23T10:33:34.037+05:30  INFO 2640 --- [loan-management-system] [tomcat-shutdown] o.s.b.w.e.tomcat.GracefulShutdown        : Graceful shutdown complete
2025-07-23T10:33:34.115+05:30  INFO 2640 --- [loan-management-system] [SpringApplicationShutdownHook] j.LocalContainerEntityManagerFactoryBean : Closing JPA EntityManagerFactory for persistence unit 'default'
2025-07-23T10:33:34.414+05:30  WARN 2640 --- [loan-management-system] [SpringApplicationShutdownHook] o.s.b.f.support.DisposableBeanAdapter    : Invocation of destroy method failed on bean with name 'inMemoryDatabaseShutdownExecutor': org.h2.jdbc.JdbcSQLNonTransientConnectionException: Database is already closed (to disable automatic closing at VM shutdown, add ";DB_CLOSE_ON_EXIT=FALSE" to the db URL) [90121-232]
2025-07-23T10:33:34.420+05:30  INFO 2640 --- [loan-management-system] [SpringApplicationShutdownHook] com.zaxxer.hikari.HikariDataSource       : HikariPool-1 - Shutdown initiated...
2025-07-23T10:33:34.438+05:30  INFO 2640 --- [loan-management-system] [SpringApplicationShutdownHook] com.zaxxer.hikari.HikariDataSource       : HikariPool-1 - Shutdown completed.
